nohup: ignoring input
========================================
WAIT FOR CURRENT EXPERIMENT TO FINISH
========================================

Monitoring PID: 2657857
Started at: Sat Nov 22 03:53:02 AM UTC 2025

[03:53:04] Process still running - Progress: 0%
0%
0%
0%
0%
0%
0%
0%
0%
0%
0%
0%
0%
0%
0%
0%
0%
0%
0%
0%
0%
0%
0%
0%
0%
0%
0%
0%
0%
0%
0%
0%
0%
0%
0%
0%
0%
0%
0%
0%
0%
0%
0%
0%
0%
0%
0%
0%
0%
0%
1%
1%
1%
1%
1%
1%
1%
1%
1%
1%
1%
1%
1%
1%
1%
1%
1%
1%
1%
1%
1%
1%
1%
1%
1%
1%
1%
1%
1%
1%
1%
1%
1%
1%
1%
1%
1%
1%
1%
1%
1%
1%
1%
1%
1%
1%
1%
1%
1%
1%
1%
1%
1%
1%
1%
1%
1%
1%
1%
1%
1%
1%
1%
1%
1%
1%
1%
1%
1%
1%
1%
1%
1%
1%
1%
1%
1%
1%
1%
1%
1%
1%
1%
1%
1%
1%
1%
1%
1%
1%
1%
1%
1%
1%
1%
1%
1%
1%
1%
2%
2%
2%
2%
2%
2%
2%
2%
2%
2%
2%
2%
2%
2%
2%
2%
2%
2%
2%
2%
2%
2%
2%
2%
2%
2%
2%
2%
2%
2%
2%
2%
2%
2%
2%
2%
2%
2%
2%
2%
2%
2%
2%
2%
2%
2%
2%
2%
2%
2%
2%
2%
2%
2%
2%
2%
2%
2%
2%
2%
2%
2%
2%
2%
2%
2%
2%
2%
2%
2%
2%
2%
2%
2%
2%
2%
2%
2%
2%
2%
2%
2%
2%
2%
2%
2%
2%
2%
2%
2%
2%
2%
2%
2%
2%
2%
2%
2%
2%
2%
2%
3%
3%
3%
3%
3%
3%
3%
3%
3%
3%
3%
3%
3%
3%
3%
3%
3%
3%
3%
3%
3%
3%
3%
3%
3%
3%
3%
3%
3%
3%
3%
3%
3%
3%
3%
3%
3%
3%
3%
3%
3%
3%
3%
3%
3%
3%
3%
3%
3%
3%
3%
3%
3%
3%
3%
3%
3%
3%
3%
3%
3%
3%
3%
3%
3%
3%
3%
3%
3%
3%
3%
3%
3%
3%
3%
3%
3%
3%
3%
3%
3%
3%
3%
3%
3%
3%
3%
3%
3%
3%
3%
3%
3%
3%
3%
3%
3%
3%
3%
4%
4%
4%
4%
4%
4%
4%
4%
4%
4%
4%
4%
4%
4%
4%
4%
4%
4%
4%
4%
4%
4%
4%
4%
4%
4%
4%
4%
4%
4%
4%
4%
4%
4%
4%
4%
4%
4%
4%
4%
4%
4%
4%
4%
4%
4%
4%
4%
4%
4%
4%
4%
4%
4%
4%
4%
4%
4%
4%
4%
4%
4%
4%
4%
4%
4%
4%
4%
4%
4%
4%
4%
4%
4%
4%
4%
4%
4%
4%
4%
4%
4%
4%
4%
4%
4%
4%
4%
4%
4%
4%
4%
4%
4%
4%
4%
4%
4%
4%
4%
4%
5%
5%
5%
5%
5%
5%
5%
5%
5%
5%
5%
5%
5%
5%
5%
5%
5%
5%
5%
5%
5%
5%
5%
5%
5%
5%
5%
5%
5%
5%
5%
5%
5%
5%
5%
5%
5%
5%
5%
5%
5%
5%
5%
5%
5%
5%
5%
5%
5%
5%
5%
5%
5%
5%
5%
5%
5%
5%
5%
5%
5%
5%
5%
5%
5%
5%
5%
5%
5%
5%
5%
5%
5%
5%
5%
5%
5%
5%
5%
5%
5%
5%
5%
5%
5%
5%
5%
5%
5%
5%
5%
5%
5%
5%
5%
5%
5%
5%
5%
6%
6%
6%
6%
6%
6%
6%
6%
6%
6%
6%
6%
6%
6%
6%
6%
6%
6%
6%
6%
6%
6%
6%
6%
6%
6%
6%
6%
6%
6%
6%
6%
6%
6%
6%
6%
6%
6%
6%
6%
6%
6%
6%
6%
6%
6%
6%
6%
6%
6%
6%
6%
6%
6%
6%
6%
6%
6%
6%
6%
6%
6%
6%
6%
6%
6%
6%
6%
6%
6%
6%
6%
6%
6%
6%
6%
6%
6%
6%
6%
6%
6%
6%
6%
6%
6%
6%
6%
6%
6%
6%
6%
6%
6%
6%
6%
6%
6%
6%
6%
6%
7%
7%
7%
7%
7%
7%
7%
7%
7%
7%
7%
7%
7%
7%
7%
7%
7%
7%
7%
7%
7%
7%
7%
7%
7%
7%
7%
7%
7%
7%
7%
7%
7%
7%
7%
7%
7%
7%
7%
7%
7%
7%
7%
7%
7%
7%
7%
7%
7%
7%
7%
7%
7%
7%
7%
7%
7%
7%
7%
7%
7%
7%
7%
7%
7%
7%
7%
7%
7%
7%
7%
7%
7%
7%
7%
7%
7%
7%
7%
7%
7%
7%
7%
7%
7%
7%
7%
7%
7%
7%
7%
7%
7%
7%
7%
7%
7%
7%
7%
8%
8%
8%
8%
8%
8%
8%
8%
8%
8%
8%
8%
8%
8%
8%
8%
8%
8%
8%
8%
8%
8%
8%
8%
8%
8%
8%
8%
8%
8%
8%
8%
8%
8%
8%
8%
8%
8%
8%
8%
8%
8%
8%
8%
8%
8%
8%
8%
8%
8%
8%
8%
8%
8%
8%
8%
8%
8%
8%
8%
8%
8%
8%
8%
8%
8%
8%
8%
8%
8%
8%
8%
8%
8%
8%
8%
8%
8%
8%
8%
8%
8%
8%
8%
8%
8%
8%
8%
8%
8%
8%
8%
8%
8%
8%
8%
8%
8%
8%
8%
8%
9%
9%
9%
9%
9%
9%
9%
9%
9%
9%
9%
9%
9%
9%
9%
9%
9%
9%
9%
9%
9%
9%
9%
9%
9%
9%
9%
9%
9%
9%
9%
9%
9%
9%
9%
9%
9%
9%
9%
9%
9%
9%
9%
9%
9%
9%
9%
9%
9%
9%
9%
9%
9%
9%
9%
9%
9%
9%
9%
9%
9%
9%
9%
9%
9%
9%
9%
9%
9%
9%
9%
9%
9%
9%
9%
9%
9%
9%
9%
9%
9%
9%
9%
9%
9%
9%
9%
9%
9%
9%
9%
9%
9%
9%
9%
9%
9%
9%
9%
10%
10%
10%
10%
10%
10%
10%
10%
10%
10%
10%
10%
10%
10%
10%
10%
10%
10%
10%
10%
10%
10%
10%
10%
10%
10%
10%
10%
10%
10%
10%
10%
10%
10%
10%
10%
10%
10%
10%
10%
10%
10%
10%
10%
10%
10%
10%
10%
10%
10%
10%
10%
10%
10%
10%
10%
10%
10%
10%
10%
10%
10%
10%
10%
10%
10%
10%
10%
10%
10%
10%
10%
10%
10%
10%
10%
10%
10%
10%
10%
10%
10%
10%
10%
10%
10%
10%
10%
10%
10%
10%
10%
10%
10%
10%
10%
10%
10%
10%
10%
10%
11%
11%
11%
11%
11%
11%
11%
11%
11%
11%
11%
11%
11%
11%
11%
11%
11%
11%
11%
11%
11%
11%
11%
11%
11%
11%
11%
11%
11%
11%
11%
11%
11%
11%
11%
11%
11%
11%
11%
11%
11%
11%
11%
11%
11%
11%
11%
11%
11%
11%
11%
11%
11%
11%
11%
11%
11%
11%
11%
11%
11%
11%
11%
11%
11%
11%
11%
11%
11%
11%
11%
11%
11%
11%
11%
11%
11%
11%
11%
11%
11%
11%
11%
11%
11%
11%
11%
11%
11%
11%
11%
11%
11%
11%
11%
11%
11%
11%
11%
12%
12%
12%
12%
12%
12%
12%
12%
12%
12%
12%
12%
12%
12%
12%
12%
12%
12%
12%
12%
12%
12%
12%
12%
12%
12%
12%
12%
12%
12%
12%
12%
12%
12%
12%
12%
12%
12%
12%
12%
12%
12%
12%
12%
12%
12%
12%
12%
12%
12%
12%
12%
12%
12%
12%
12%
12%
12%
12%
12%
12%
12%
12%
12%
12%
12%
12%
12%
12%
12%
12%
12%
12%
12%
12%
12%
12%
12%
12%
12%
12%
12%
12%
12%
12%
12%
12%
12%
12%
12%
12%
12%
12%
12%
12%
12%
12%
12%
12%
12%
12%
13%
13%
13%
13%
13%
13%
13%
13%
13%
13%
13%
13%
13%
13%
13%
13%
13%
13%
13%
13%
13%
13%
13%
13%
13%
13%
13%
13%
13%
13%
13%
13%
13%
13%
13%
13%
13%
13%
13%
13%
13%
13%
13%
13%
13%
13%
13%
13%
13%
13%
13%
13%
13%
13%
13%
13%
13%
13%
13%
13%
13%
13%
13%
13%
13%
13%
13%
13%
13%
13%
13%
13%
13%
13%
13%
13%
13%
13%
13%
13%
13%
13%
13%
13%
13%
13%
13%
13%
13%
13%
13%
13%
13%
13%
13%
13%
13%
13%
13%
14%
14%
14%
14%
14%
14%
14%
14%
14%
14%
14%
14%
14%
14%
14%
14%
14%
14%
14%
14%
14%
14%
14%
14%
14%
14%
14%
14%
14%
14%
14%
14%
14%
14%
14%
14%
14%
14%
14%
14%
14%
14%
14%
14%
14%
14%
14%
14%
14%
14%
14%
14%
14%
14%
14%
14%
14%
14%
14%
14%
14%
14%
14%
14%
14%
14%
14%
14%
14%
14%
14%
14%
14%
14%
14%
14%
14%
14%
14%
14%
14%
14%
14%
14%
14%
14%
14%
14%
14%
14%
14%
14%
14%
14%
14%
14%
14%
14%
14%
14%
14%
15%
15%
15%
15%
15%
15%
15%
15%
15%
15%
15%
15%
15%
15%
15%
15%
15%
15%
15%
15%
15%
15%
15%
15%
15%
15%
15%
15%
15%
15%
15%
15%
15%
15%
15%
15%
15%
15%
15%
15%
15%
15%
15%
15%
15%
15%
15%
15%
15%
15%
15%
15%
15%
15%
15%
15%
15%
15%
15%
15%
15%
15%
15%
15%
15%
15%
15%
15%
15%
15%
15%
15%
15%
15%
15%
15%
15%
15%
15%
15%
15%
15%
15%
15%
15%
15%
15%
15%
15%
15%
15%
15%
15%
15%
15%
15%
15%
15%
15%
16%
16%
16%
16%
16%
16%
16%
16%
16%
16%
16%
16%
16%
16%
16%
16%
16%
16%
16%
16%
16%
16%
16%
16%
16%
16%
16%
16%
16%
16%
16%
16%
16%
16%
16%
16%
16%
16%
16%
16%
16%
16%
16%
16%
16%
16%
16%
16%
16%
16%
16%
16%
16%
16%
16%
16%
16%
16%
16%
16%
16%
16%
16%
16%
16%
16%
16%
16%
16%
16%
16%
16%
16%
16%
16%
16%
16%
16%
16%
16%
16%
16%
16%
16%
16%
16%
16%
16%
16%
16%
16%
16%
16%
16%
16%
16%
16%
16%
16%
16%
16%
17%
17%
17%
17%
17%
17%
17%
17%
17%
17%
17%
17%
17%
17%
17%
17%
17%
17%
17%
17%
17%
17%
17%
17%
17%
17%
17%
17%
17%
17%
17%
17%
17%
17%
17%
17%
17%
17%
17%
17%
17%
17%
17%
17%
17%
17%
17%
17%
17%
17%
17%
17%
17%
17%
17%
17%
17%
17%
17%
17%
17%
17%
17%
17%
17%
17%
17%
17%
17%
17%
17%
17%
17%
17%
17%
17%
17%
17%
17%
17%
17%
17%
17%
17%
17%
17%
17%
17%
17%
17%
17%
17%
17%
17%
17%
17%
17%
17%
17%
18%
18%
18%
18%
18%
18%
18%
18%
18%
18%
18%
18%
18%
18%
18%
18%
18%
18%
18%
18%
18%
18%
18%
18%
18%
18%
18%
18%
18%
18%
18%
18%
18%
18%
18%
18%
18%
18%
18%
18%
18%
18%
18%
18%
18%
18%
18%
18%
18%
18%
18%
18%
18%
18%
18%
18%
18%
18%
18%
18%
18%
18%
18%
18%
18%
18%
18%
18%
18%
18%
18%
18%
18%
18%
18%
18%
18%
18%
18%
18%
18%
18%
18%
18%
18%
18%
18%
18%
18%
18%
18%
18%
18%
18%
18%
18%
18%
18%
18%
18%
18%
19%
19%
19%
19%
19%
19%
19%
19%
19%
19%
19%
19%
19%
19%
19%
19%
19%
19%
19%
19%
19%
19%
19%
19%
19%
19%
19%
19%
19%
19%
19%
19%
19%
19%
19%
19%
19%
19%
19%
19%
19%
19%
19%
19%
19%
19%
19%
19%
19%
19%
19%
19%
19%
19%
19%
19%
19%
19%
19%
19%
19%
19%
19%
19%
19%
19%
19%
19%
19%
19%
19%
19%
19%
19%
19%
19%
19%
19%
19%
19%
19%
19%
19%
19%
19%
19%
19%
19%
19%
19%
19%
19%
19%
19%
19%
19%
19%
19%
19%
20%
20%
20%
20%
20%
20%
20%
20%
20%
20%
20%
20%
20%
20%
20%
20%
20%
20%
20%
20%
20%
20%
20%
20%
20%
20%
20%
20%
20%
20%
20%
20%
20%
20%
20%
20%
20%
20%
20%
20%
20%
20%
20%
20%
20%
20%
20%
20%
20%
20%
20%
20%
20%
20%
20%
20%
20%
20%
20%
20%
20%
20%
20%
20%
20%
20%
20%
20%
20%
20%
20%
20%
20%
20%
20%
20%
20%
20%
20%
20%
20%
20%
20%
20%
20%
20%
20%
20%
20%
20%
20%
20%
20%
20%
20%
20%
20%
20%
20%
20%
20%
21%
21%
21%
21%
21%
21%
21%
21%
21%
21%
21%
21%
21%
21%
21%
21%
21%
21%
21%
21%
21%
21%
21%
21%
21%
21%
21%
21%
21%
21%
21%
21%
21%
21%
21%
21%
21%
21%
21%
21%
21%
21%
21%
21%
21%
21%
21%
21%
21%
21%
21%
21%
21%
21%
21%
21%
21%
21%
21%
21%
21%
21%
21%
21%
21%
21%
21%
21%
21%
21%
21%
21%
21%
21%
21%
21%
21%
21%
21%
21%
21%
21%
21%
21%
21%
21%
21%
21%
21%
21%
21%
21%
21%
21%
21%
21%
21%
21%
21%
22%
22%
22%
22%
22%
22%
22%
22%
22%
22%
22%
22%
22%
22%
22%
22%
22%
22%
22%
22%
22%
22%
22%
22%
22%
22%
22%
22%
22%
22%
22%
22%
22%
22%
22%
22%
22%
22%
22%
22%
22%
22%
22%
22%
22%
22%
22%
22%
22%
22%
22%
22%
22%
22%
22%
22%
22%
22%
22%
22%
22%
22%
22%
22%
22%
22%
22%
22%
22%
22%
22%
22%
22%
22%
22%
22%
22%
22%
22%
22%
22%
22%
22%
22%
22%
22%
22%
22%
22%
22%
22%
22%
22%
22%
22%
22%
22%
22%
22%
22%
22%
23%
23%
23%
23%
23%
23%
23%
23%
23%
23%
23%
23%
23%
23%
23%
23%
23%
23%
23%
23%
23%
23%
23%
23%
23%
23%
23%
23%
23%
23%
23%
23%
23%
23%
23%
23%
23%
23%
23%
23%
23%
23%
23%
23%
23%
23%
23%
23%
23%
23%
23%
23%
23%
23%
23%
23%
23%
23%
23%
23%
23%
23%
23%
23%
23%
23%
23%
23%
23%
23%
23%
23%
23%
23%
23%
23%
23%
23%
23%
23%
23%
23%
23%
23%
23%
23%
23%
23%
23%
23%
23%
23%
23%
23%
23%
23%
23%
23%
23%
24%
24%
24%
24%
24%
24%
24%
24%
24%
24%
24%
24%
24%
24%
24%
24%
24%
24%
24%
24%
24%
24%
24%
24%
24%
24%
24%
24%
24%
24%
24%
24%
24%
24%
24%
24%
24%
24%
24%
24%
24%
24%
24%
24%
24%
24%
24%
24%
24%
24%
24%
24%
24%
24%
24%
24%
24%
24%
24%
24%
24%
24%
24%
24%
24%
24%
24%
24%
24%
24%
24%
24%
24%
24%
24%
24%
24%
24%
24%
24%
24%
24%
24%
24%
24%
24%
24%
24%
24%
24%
24%
24%
24%
24%
24%
24%
24%
24%
24%
24%
24%
25%
25%
25%
25%
25%
25%
25%
25%
25%
25%
25%
25%
25%
25%
25%
25%
25%
25%
25%
25%
25%
25%
25%
25%
25%
25%
25%
25%
25%
25%
25%
25%
25%
25%
25%
25%
25%
25%
25%
25%
25%
25%
25%
25%
25%
25%
25%
25%
25%
25%
25%
25%
25%
25%
25%
25%
25%
25%
25%
25%
25%
25%
25%
25%
25%
25%
25%
25%
25%
25%
25%
25%
25%
25%
25%
25%
25%
25%
25%
25%
25%
25%
25%
25%
25%
25%
25%
25%
25%
25%
25%
25%
25%
25%
25%
25%
25%
25%
25%
26%
26%
26%
26%
26%
26%
26%
26%
26%
26%
26%
26%
26%
26%
26%
26%
26%
26%
26%
26%
26%
26%
26%
26%
26%
26%
26%
26%
26%
26%
26%
26%
26%
26%
26%
26%
26%
26%
26%
26%
26%
26%
26%
26%
26%
26%
26%
26%
26%
26%
26%
26%
26%
26%
26%
26%
26%
26%
26%
26%
26%
26%
26%
26%
26%
26%
26%
26%
26%
26%
26%
26%
26%
26%
26%
26%
26%
26%
26%
26%
26%
26%
26%
26%
26%
26%
26%
26%
26%
26%
26%
26%
26%
26%
26%
26%
26%
26%
26%
26%
26%
27%
27%
27%
27%
27%
27%
27%
27%
27%
27%
27%
27%
27%
27%
27%
27%
27%
27%
27%
27%
27%
27%
27%
27%
27%
27%
27%
27%
27%
27%
27%
27%
27%
27%
27%
27%
27%
27%
27%
27%
27%
27%
27%
27%
27%
27%
27%
27%
27%
27%
27%
27%
27%
27%
27%
27%
27%
27%
27%
27%
27%
27%
27%
27%
27%
27%
27%
27%
27%
27%
27%
27%
27%
27%
27%
27%
27%
27%
27%
27%
27%
27%
27%
27%
27%
27%
27%
27%
27%
27%
27%
27%
27%
27%
27%
27%
27%
27%
27%
28%
28%
28%
28%
28%
28%
28%
28%
28%
28%
28%
28%
28%
28%
28%
28%
28%
28%
28%
28%
28%
28%
28%
28%
28%
28%
28%
28%
28%
28%
28%
28%
28%
28%
28%
28%
28%
28%
28%
28%
28%
28%
28%
28%
28%
28%
28%
28%
28%
28%
28%
28%
28%
28%
28%
28%
28%
28%
28%
28%
28%
28%
28%
28%
28%
28%
28%
28%
28%
28%
28%
28%
28%
28%
28%
28%
28%
28%
28%
28%
28%
28%
28%
28%
28%
28%
28%
28%
28%
28%
28%
28%
28%
28%
28%
28%
28%
28%
28%
28%
28%
29%
29%
29%
29%
29%
29%
29%
29%
29%
29%
29%
29%
29%
29%
29%
29%
29%
29%
29%
29%
29%
29%
29%
29%
29%
29%
29%
29%
29%
29%
29%
29%
29%
29%
29%
29%
29%
29%
29%
29%
29%
29%
29%
29%
29%
29%
29%
29%
29%
29%
29%
29%
29%
29%
29%
29%
29%
29%
29%
29%
29%
29%
29%
29%
29%
29%
29%
29%
29%
29%
29%
29%
29%
29%
29%
29%
29%
29%
29%
29%
29%
29%
29%
29%
29%
29%
29%
29%
29%
29%
29%
29%
29%
29%
29%
29%
29%
29%
29%
30%
30%
30%
30%
30%
30%
30%
30%
30%
30%
30%
30%
30%
30%
30%
30%
30%
30%
30%
30%
30%
30%
30%
30%
30%
30%
30%
30%
30%
30%
30%
30%
30%
30%
30%
30%
30%
30%
30%
30%
30%
30%
30%
30%
30%
30%
30%
30%
30%
30%
30%
30%
30%
30%
30%
30%
30%
30%
30%
30%
30%
30%
30%
30%
30%
30%
30%
30%
30%
30%
30%
30%
30%
30%
30%
30%
30%
30%
30%
30%
30%
30%
30%
30%
30%
30%
30%
30%
30%
30%
30%
30%
30%
30%
30%
30%
30%
30%
30%
30%
30%
31%
31%
31%
31%
31%
31%
31%
31%
31%
31%
31%
31%
31%
31%
31%
31%
31%
31%
31%
31%
31%
31%
31%
31%
31%
31%
31%
31%
31%
31%
31%
31%
31%
31%
31%
31%
31%
31%
31%
31%
31%
31%
31%
31%
31%
31%
31%
31%
31%
31%
31%
31%
31%
31%
31%
31%
31%
31%
31%
31%
31%
31%
31%
31%
31%
31%
31%
31%
31%
31%
31%
31%
31%
31%
31%
31%
31%
31%
31%
31%
31%
31%
31%
31%
31%
31%
31%
31%
31%
31%
31%
31%
31%
31%
31%
31%
31%
31%
31%
32%
32%
32%
32%
32%
32%
32%
32%
32%
32%
32%
32%
32%
32%
32%
32%
32%
32%
32%
32%
32%
32%
32%
32%
32%
32%
32%
32%
32%
32%
32%
32%
32%
32%
32%
32%
32%
32%
32%
32%
32%
32%
32%
32%
32%
32%
32%
32%
32%
32%
32%
32%
32%
32%
32%
32%
32%
32%
32%
32%
32%
32%
32%
32%
32%
32%
32%
32%
32%
32%
32%
32%
32%
32%
32%
32%
32%
32%
32%
32%
32%
32%
32%
32%
32%
32%
32%
32%
32%
32%
32%
32%
32%
32%
32%
32%
32%
32%
32%
32%
32%
33%
33%
33%
33%
33%
33%
33%
33%
33%
33%
33%
33%
33%
33%
33%
33%
33%
33%
33%
33%
33%
33%
33%
33%
33%
33%
33%
33%
33%
33%
33%
33%
33%
33%
33%
33%
33%
33%
33%
33%
33%
33%
33%
33%
33%
33%
33%
33%
33%
33%
33%
33%
33%
33%
33%
33%
33%
33%
33%
33%
33%
33%
33%
33%
33%
33%
33%
33%
33%
33%
33%
33%
33%
33%
33%
33%
33%
33%
33%
33%
33%
33%
33%
33%
33%
33%
33%
33%
33%
33%
33%
33%
33%
33%
33%
33%
33%
33%
33%
34%
34%
34%
34%
34%
34%
34%
34%
34%
34%
34%
34%
34%
34%
34%
34%
34%
34%
34%
34%
34%
34%
34%
34%
34%
34%
34%
34%
34%
34%
34%
34%
34%
34%
34%
34%
34%
34%
34%
34%
34%
34%
34%
34%
34%
34%
34%
34%
34%
34%
34%
34%
34%
34%
34%
34%
34%
34%
34%
34%
34%
34%
34%
34%
34%
34%
34%
34%
34%
34%
34%
34%
34%
34%
34%
34%
34%
34%
34%
34%
34%
34%
34%
34%
34%
34%
34%
34%
34%
34%
34%
34%
34%
34%
34%
34%
34%
34%
34%
34%
34%
35%
35%
35%
35%
35%
35%
35%
35%
35%
35%
35%
35%
35%
35%
35%
35%
35%
35%
35%
35%
35%
35%
35%
35%
35%
35%
35%
35%
35%
35%
35%
35%
35%
35%
35%
35%
35%
35%
35%
35%
35%
35%
35%
35%
35%
35%
35%
35%
35%
35%
35%
35%
35%
35%
35%
35%
35%
35%
35%
35%
35%
35%
35%
35%
35%
35%
35%
35%
35%
35%
35%
35%
35%
35%
35%
35%
35%
35%
35%
35%
35%
35%
35%
35%
35%
35%
35%
35%
35%
35%
35%
35%
35%
35%
35%
35%
35%
35%
35%
36%
36%
36%
36%
36%
36%
36%
36%
36%
36%
36%
36%
36%
36%
36%
36%
36%
36%
36%
36%
36%
36%
36%
36%
36%
36%
36%
36%
36%
36%
36%
36%
36%
36%
36%
36%
36%
36%
36%
36%
36%
36%
36%
36%
36%
36%
36%
36%
36%
36%
36%
36%
36%
36%
36%
36%
36%
36%
36%
36%
36%
36%
36%
36%
36%
36%
36%
36%
36%
36%
36%
36%
36%
36%
36%
36%
36%
36%
36%
36%
36%
36%
36%
36%
36%
36%
36%
36%
36%
36%
36%
36%
36%
36%
36%
36%
36%
36%
36%
36%
36%
37%
37%
37%
37%
37%
37%
37%
37%
37%
37%
37%
37%
37%
37%
37%
37%
37%
37%
37%
37%
37%
37%
37%
37%
37%
37%
37%
37%
37%
37%
37%
37%
37%
37%
37%
37%
37%
37%
37%
37%
37%
37%
37%
37%
37%
37%
37%
37%
37%
37%
37%
37%
37%
37%
37%
37%
37%
37%
37%
37%
37%
37%
37%
37%
37%
37%
37%
37%
37%
37%
37%
37%
37%
37%
37%
37%
37%
37%
37%
37%
37%
37%
37%
37%
37%
37%
37%
37%
37%
37%
37%
37%
37%
37%
37%
37%
37%
37%
37%
38%
38%
38%
38%
38%
38%
38%
38%
38%
38%
38%
38%
38%
38%
38%
38%
38%
38%
38%
38%
38%
38%
38%
38%
38%
38%
38%
38%
38%
38%
38%
38%
38%
38%
38%
38%
38%
38%
38%
38%
38%
38%
38%
38%
38%
38%
38%
38%
38%
38%
38%
38%
38%
38%
38%
38%
38%
38%
38%
38%
38%
38%
38%
38%
38%
38%
38%
38%
38%
38%
38%
38%
38%
38%
38%
38%
38%
38%
38%
38%
38%
38%
38%
38%
38%
38%
38%
38%
38%
38%
38%
38%
38%
38%
38%
38%
38%
38%
38%
38%
38%
39%
39%
39%
39%
39%
39%
39%
39%
39%
39%
39%
39%
39%
39%
39%
39%
39%
39%
39%
39%
39%
39%
39%
39%
39%
39%
39%
39%
39%
39%
39%
39%
39%
39%
39%
39%
39%
39%
39%
39%
39%
39%
39%
39%
39%
39%
39%
39%
39%
39%
39%
39%
39%
39%
39%
39%
39%
39%
39%
39%
39%
39%
39%
39%
39%
39%
39%
39%
39%
39%
39%
39%
39%
39%
39%
39%
39%
39%
39%
39%
39%
39%
39%
39%
39%
39%
39%
39%
39%
39%
39%
39%
39%
39%
39%
39%
39%
39%
39%
40%
40%
40%
40%
40%
40%
40%
40%
40%
40%
40%
40%
40%
40%
40%
40%
40%
40%
40%
40%
40%
40%
40%
40%
40%
40%
40%
40%
40%
40%
40%
40%
40%
40%
40%
40%
40%
40%
40%
40%
40%
40%
40%
40%
40%
40%
40%
40%
40%
40%
40%
40%
40%
40%
40%
40%
40%
40%
40%
40%
40%
40%
40%
40%
40%
40%
40%
40%
40%
40%
40%
40%
40%
40%
40%
40%
40%
40%
40%
40%
40%
40%
40%
40%
40%
40%
40%
40%
40%
40%
40%
40%
40%
40%
40%
40%
40%
40%
40%
40%
40%
41%
41%
41%
41%
41%
41%
41%
41%
41%
41%
41%
41%
41%
41%
41%
41%
41%
41%
41%
41%
41%
41%
41%
41%
41%
41%
41%
41%
41%
41%
41%
41%
41%
41%
41%
41%
41%
41%
41%
41%
41%
41%
41%
41%
41%
41%
41%
41%
41%
41%
41%
41%
41%
41%
41%
41%
41%
41%
41%
41%
41%
41%
41%
41%
41%
41%
41%
41%
41%
41%
41%
41%
41%
41%
41%
41%
41%
41%
41%
41%
41%
41%
41%
41%
41%
41%
41%
41%
41%
41%
41%
41%
41%
41%
41%
41%
41%
41%
41%
42%
42%
42%
42%
42%
42%
42%
42%
42%
42%
42%
42%
42%
42%
42%
42%
42%
42%
42%
42%
42%
42%
42%
42%
42%
42%
42%
42%
42%
42%
42%
42%
42%
42%
42%
42%
42%
42%
42%
42%
42%
42%
42%
42%
42%
42%
42%
42%
42%
42%
42%
42%
42%
42%
42%
42%
42%
42%
42%
42%
42%
42%
42%
42%
42%
42%
42%
42%
42%
42%
42%
42%
42%
42%
42%
42%
42%
42%
42%
42%
42%
42%
42%
42%
42%
42%
42%
42%
42%
42%
42%
42%
42%
42%
42%
42%
42%
42%
42%
42%
42%
43%
43%
43%
43%
43%
43%
43%
43%
43%
43%
43%
43%
43%
43%
43%
43%
43%
43%
43%
43%
43%
43%
43%
43%
43%
43%
43%
43%
43%
43%
43%
43%
43%
43%
43%
43%
43%
43%
43%
43%
43%
43%
43%
43%
43%
43%
43%
43%
43%
43%
43%
43%
43%
43%
43%
43%
43%
43%
43%
43%
43%
43%
43%
43%
43%
43%
43%
43%
43%
43%
43%
43%
43%
43%
43%
43%
43%
43%
43%
43%
43%
43%
43%
43%
43%
43%
43%
43%
43%
43%
43%
43%
43%
43%
43%
43%
43%
43%
43%
44%
44%
44%
44%
44%
44%
44%
44%
44%
44%
44%
44%
44%
44%
44%
44%
44%
44%
44%
44%
44%
44%
44%
44%
44%
44%
44%
44%
44%
44%
44%
44%
44%
44%
44%
44%
44%
44%
44%
44%
44%
44%
44%
44%
44%
44%
44%
44%
44%
44%
44%
44%
44%
44%
44%
44%
44%
44%
44%
44%
44%
44%
44%
44%
44%
44%
44%
44%
44%
44%
44%
44%
44%
44%
44%
44%
44%
44%
44%
44%
44%
44%
44%
44%
44%
44%
44%
44%
44%
44%
44%
44%
44%
44%
44%
44%
44%
44%
44%
44%
44%
45%
45%
45%
45%
45%
45%
45%
45%
45%
45%
45%
45%
45%
45%
45%
45%
45%
45%
45%
45%
45%
45%
45%
45%
45%
45%
45%
45%
45%
45%
45%
45%
45%
45%
45%
45%
45%
45%
45%
45%
45%
45%
45%
45%
45%
45%
45%
45%
45%
45%
45%
45%
45%
45%
45%
45%
45%
45%
45%
45%
45%
45%
45%
45%
45%
45%
45%, GPU0: 30%

========================================
PREVIOUS EXPERIMENT COMPLETED
========================================
Finished at: Sat Nov 22 03:58:04 AM UTC 2025

Old log backed up to: /home/jihyun/reptile-scaling-law/experiments_full_20251122_035804.log

Cleaning GPU memory...
Sat Nov 22 03:58:14 2025       
+-----------------------------------------------------------------------------------------+
| NVIDIA-SMI 570.195.03             Driver Version: 570.195.03     CUDA Version: 12.8     |
|-----------------------------------------+------------------------+----------------------+
| GPU  Name                 Persistence-M | Bus-Id          Disp.A | Volatile Uncorr. ECC |
| Fan  Temp   Perf          Pwr:Usage/Cap |           Memory-Usage | GPU-Util  Compute M. |
|                                         |                        |               MIG M. |
|=========================================+========================+======================|
|   0  NVIDIA GeForce RTX 2080 Ti     Off |   00000000:1B:00.0 Off |                  N/A |
| 58%   80C    P0            236W /  250W |    8925MiB /  11264MiB |     85%      Default |
|                                         |                        |                  N/A |
+-----------------------------------------+------------------------+----------------------+
|   1  NVIDIA GeForce RTX 2080 Ti     Off |   00000000:1C:00.0 Off |                  N/A |
| 30%   31C    P8             22W /  250W |       3MiB /  11264MiB |      0%      Default |
|                                         |                        |                  N/A |
+-----------------------------------------+------------------------+----------------------+
|   2  NVIDIA GeForce RTX 2080 Ti     Off |   00000000:1D:00.0 Off |                  N/A |
| 30%   36C    P8             27W /  250W |       3MiB /  11264MiB |      0%      Default |
|                                         |                        |                  N/A |
+-----------------------------------------+------------------------+----------------------+
|   3  NVIDIA GeForce RTX 2080 Ti     Off |   00000000:1E:00.0 Off |                  N/A |
| 30%   29C    P8             27W /  250W |       3MiB /  11264MiB |      0%      Default |
|                                         |                        |                  N/A |
+-----------------------------------------+------------------------+----------------------+
|   4  NVIDIA GeForce RTX 2080 Ti     Off |   00000000:89:00.0 Off |                  N/A |
| 30%   26C    P8             10W /  250W |       3MiB /  11264MiB |      0%      Default |
|                                         |                        |                  N/A |
+-----------------------------------------+------------------------+----------------------+
|   5  NVIDIA GeForce RTX 2080 Ti     Off |   00000000:8A:00.0 Off |                  N/A |
| 30%   29C    P8             12W /  250W |       3MiB /  11264MiB |      0%      Default |
|                                         |                        |                  N/A |
+-----------------------------------------+------------------------+----------------------+
|   6  NVIDIA GeForce RTX 2080 Ti     Off |   00000000:8B:00.0 Off |                  N/A |
| 30%   29C    P8             27W /  250W |       3MiB /  11264MiB |      0%      Default |
|                                         |                        |                  N/A |
+-----------------------------------------+------------------------+----------------------+
|   7  NVIDIA GeForce RTX 2080 Ti     Off |   00000000:8C:00.0 Off |                  N/A |
| 30%   28C    P8             27W /  250W |       3MiB /  11264MiB |      0%      Default |
|                                         |                        |                  N/A |
+-----------------------------------------+------------------------+----------------------+
                                                                                         
+-----------------------------------------------------------------------------------------+
| Processes:                                                                              |
|  GPU   GI   CI              PID   Type   Process name                        GPU Memory |
|        ID   ID                                                               Usage      |
|=========================================================================================|
|    0   N/A  N/A         2668857      C   python                                 8922MiB |
+-----------------------------------------------------------------------------------------+
Warning: GPU still has 8925 MB allocated. Waiting 30s...

========================================
STARTING OPTIMIZED EXPERIMENT
========================================
Optimizations applied:
  - meta_steps: 10000 → 2000 (5x faster)
  - k_inner: 5 → 3 (40% faster per step)
  - meta_batch_size: 1 → 2 (2x throughput)
  - inner_batch_size: 8 → 16 (better GPU util)
  - eval tasks: 100 → 50 (2x faster eval)
  - test tasks: 200 → 100 (2x faster test)

Expected speedup: 5-8x faster
Starting at: Sat Nov 22 03:58:44 AM UTC 2025

New experiment started with PID: 2669307

✗ Error: New experiment failed to start
Check log: tail -50 experiments_full.log

========================================
RESTART COMPLETE
========================================
